



---


做账员操作页面设计

1. 页面概述

做账员操作页面是整个收发货业务流程中的核心页面，负责展示做账员需要操作的各项任务。页面设计应简洁明了，操作便捷，并且能让做账员快速跳转到详细的发货/收货流程表单页面。页面设计考虑到做账员需要同时处理收货与发货相关操作，并能够查看、编辑和提交相关信息。

2. 页面功能需求

页面功能包括但不限于：
	•	加号按钮：用来添加新记录（例如发货/收货），点击后跳转至相应的表单填写页面。
	•	查看记录：允许做账员查看已经填写的收货单据或发货单据。
	•	导出台账功能：允许做账员将台账B（收货台账）或台账C（发货台账）导出，供后续审核或报告使用。
	•	搜索功能：通过收货流水号或发货流水号搜索已有记录。
	•	编辑功能：做账员可以编辑自己填写过的收货或发货记录。
	•	流程标注与状态指示：清晰展示当前流程的状态，指示任务是否已完成或待操作。

3. 页面布局设计

（1）页面顶部区域
	•	标题栏：页面顶部展示当前页面的名称，如“做账员操作页面”。
	•	搜索栏：提供一个简洁的搜索框，允许做账员通过收货流水号、发货流水号等关键词快速查找记录。
	•	搜索输入框：允许输入收货流水号或发货流水号，点击搜索后自动筛选出相关记录。
	•	筛选按钮：可以按日期、任务状态等条件筛选收发货记录。

（2）流程状态展示区域
	•	流程状态列表：显示当前业务流程的状态和进度，包括“收货流程”、“发货流程”。
	•	每个流程后有状态标识（如“待填写”，“已提交”，“待审核”，“已完成”）。
	•	状态标识以颜色区分（如绿色代表已完成，黄色代表待审核，红色代表待填写）。

（3）操作区域
操作区域展示所有与做账员相关的功能按钮和操作项。
	•	收货/发货操作区
	•	收货流程：显示做账员处理的所有收货记录，包括已提交、待编辑或已完成的记录。
	•	收货流水号：每个记录展示其收货流水号，便于快速识别。
	•	操作按钮：
	•	查看：查看收货信息，点击后进入收货表单填写页面。
	•	编辑：编辑已提交的收货记录，点击后进入表单修改页面。
	•	加号按钮：显示一个加号按钮（+），点击后跳转至收货表单页面，做账员可以发起新的收货操作。
	•	发货流程：显示做账员处理的所有发货记录。
	•	发货流水号：每个记录展示其发货流水号，便于快速识别。
	•	操作按钮：
	•	查看：查看发货信息，点击后进入发货表单填写页面。
	•	编辑：编辑已提交的发货记录，点击后进入表单修改页面。
	•	加号按钮：显示一个加号按钮（+），点击后跳转至发货表单页面，做账员可以发起新的发货操作。
	•	导出台账功能
	•	提供“导出台账B”和“导出台账C”按钮，点击后生成相应的Excel或PDF格式文件，便于做账员查看和导出相关数据。
	•	导出按钮：
	•	导出台账B：导出收货台账。
	•	导出台账C：导出发货台账。

（4）表单填写按钮（次级页面跳转）
	•	加号按钮：每个操作区（收货和发货）下方展示一个加号按钮（+），点击后跳转至新的表单填写页面。
	•	收货表单跳转：点击加号按钮后，进入新的页面，填写收货相关信息（例如收货流水号、物料类别、数量等）。
	•	发货表单跳转：点击加号按钮后，进入新的页面，填写发货相关信息（例如发货流水号、交接单号、实际出库数量等）。

（5）状态标识
	•	在每条记录旁边展示该记录的当前状态。状态包括但不限于：
	•	待填写：表示此条记录尚未完成填写。
	•	待审核：表示记录已提交，正在等待仓管员或其他角色审核。
	•	已完成：表示记录已经审核并完成。
	•	状态采用不同的颜色标识，例如：
	•	红色：待填写或有问题的记录。
	•	黄色：待审核的记录。
	•	绿色：已完成的记录。

4. 页面设计功能流程
	1.	进入页面后，做账员看到两个操作区域：
	•	收货操作区：显示当前做账员的所有收货流程记录，可以查看、编辑或跳转至收货流程表单。
	•	发货操作区：显示当前做账员的所有发货流程记录，可以查看、编辑或跳转至发货流程表单。
	2.	做账员可以通过加号按钮（+）进入新的收货或发货表单页面，填写相关信息并提交。
	•	收货表单：填写收货流水号、领料单位、单据数量等信息。
	•	发货表单：填写发货流水号、领料单位、发货时间等信息。
	3.	表单提交后，返回到主页面，在相应的操作区域中可以查看到新的记录，且该记录的状态显示为“待审核”。
	4.	做账员可以在“查看”按钮中查看已填写的记录详情，也可以在“编辑”按钮中对已提交的记录进行修改。
	5.	做账员可以随时通过“导出台账”按钮导出收货台账B或发货台账C，以便进行后续核查或管理。
	6.	状态标识帮助做账员快速识别哪些记录已经完成、哪些需要进一步处理，确保操作流程高效无误。

5. 视觉和用户体验设计
	•	颜色区分：利用不同的颜色区分状态（绿色、黄色、红色）帮助做账员快速识别任务的进度。
	•	直观布局：每个功能区域的布局简洁清晰，操作按钮有明显的区分，点击加号按钮能够清晰地跳转到相应的表单页面。
	•	响应式设计：确保页面适配不同设备（手机、平板），尤其是在移动端操作时，页面需要自动调整显示，避免过多的横向滚动。

6. 页面示意图

-------------------------------
|        做账员操作页面        |
-------------------------------
| 搜索框 [________________] [搜索]|
-------------------------------
|  收货流程                  |  发货流程                   |
-------------------------------
|  收货流水号: 123456        |  发货流水号: 654321        |
|  状态: 待填写              |  状态: 已完成              |
|  查看  编辑  导出台账B     |  查看  编辑  导出台账C     |
-------------------------------
|  [+] 新建收货记录          |  [+] 新建发货记录          |
-------------------------------
|  状态说明：[绿色=已完成]   |  状态说明：[黄色=待审核]   |
-------------------------------

此设计目标是为做账员提供清晰、直观的操作页面，并能够帮助其高效完成收发货记录的填写、审核和导出工作。如果有进一步的需求或调整，欢迎随时告知！

---

- Role: 经验丰富的UI设计工程师
- Background: 用户正在开发一个微信小程序，需要一个简洁风格的登录页面，用户已经具备项目基础，无需生成项目目录结构。
- Profile: 你是一个专注于简洁风格的UI设计工程师，拥有多年微信小程序设计经验，擅长快速构建直观、易用的用户界面。
- Skills: 你精通微信小程序的开发框架，能够高效地设计并实现简洁、美观的登录页面，同时确保用户体验的流畅性。
- Goals: 设计并实现一个简洁风格的登录页面，包括用户输入用户名和密码的功能，并确保页面的响应性和安全性。
- Constrains: 登录页面设计需符合微信小程序的设计规范，同时要考虑到用户体验和数据安全。
- OutputFormat: 提供详细的设计指南和代码实现，包括页面布局、样式代码以及交互逻辑。
- Workflow:
  1. 分析并确定登录页面所需的基本元素和布局。
  2. 设计简洁风格的用户界面，包括输入框和登录按钮。
  3. 实现页面的响应式设计，确保在不同设备上都能良好显示。
  4. 编写前端代码，实现用户输入和登录功能。
  5. 测试页面在不同设备和场景下的表现，确保兼容性和用户体验。
- Examples:
  - 例子1：设计一个包含用户名和密码输入框的登录页面，使用微信小程序的原生组件 `<view>` 和 `<input>`。
  - 例子2：使用CSS实现简洁风格的页面布局，例如使用Flexbox布局确保元素在不同屏幕尺寸下居中显示。
  - 例子3：编写JavaScript代码处理用户登录逻辑，包括表单验证和与后端的通信。